WARNING:tensorflow:Not all hyperparameter sets work on TPU. Prefer hparams_sets with a '_tpu' suffix, e.g. transformer_tpu, if available for your model.
WARNING:tensorflow:Estimator's model_fn (<function wrapping_model_fn at 0x7fee28e7b7d0>) includes params argument, but params are not passed to Estimator.
INFO:tensorflow:Using config: {'_save_checkpoints_secs': None, '_num_ps_replicas': 0, '_keep_checkpoint_max': 20, '_task_type': 'worker', '_global_id_in_cluster': 0, '_is_chief': True, '_tpu_config': TPUConfig(iterations_per_loop=100, num_shards=32, num_cores_per_replica=1, per_host_input_for_training=4, tpu_job_name=None, initial_infeed_sleep_secs=None, input_partition_dims=None), '_cluster_spec': <tensorflow.python.training.server_lib.ClusterSpec object at 0x7fee28c1d210>, '_model_dir': 'gs://ssystore1/anothertransformer2019-05-08-07:00:34/out', '_protocol': None, '_save_checkpoints_steps': None, '_keep_checkpoint_every_n_hours': 10000, '_service': None, '_session_config': gpu_options {
  per_process_gpu_memory_fraction: 0.95
}
allow_soft_placement: true
graph_options {
}
cluster_def {
  job {
    name: "worker"
    tasks {
      key: 0
      value: "10.240.1.3:8470"
    }
    tasks {
      key: 1
      value: "10.240.1.4:8470"
    }
    tasks {
      key: 2
      value: "10.240.1.5:8470"
    }
    tasks {
      key: 3
      value: "10.240.1.2:8470"
    }
  }
}
isolate_session_state: true
, 'use_tpu': True, '_tf_random_seed': None, '_save_summary_steps': 100, '_device_fn': None, '_cluster': <tensorflow.python.distribute.cluster_resolver.tpu_cluster_resolver.TPUClusterResolver object at 0x7fee29566590>, '_experimental_distribute': None, '_num_worker_replicas': 1, '_task_id': 0, '_log_step_count_steps': None, '_evaluation_master': u'grpc://10.240.1.3:8470', '_eval_distribute': None, '_train_distribute': None, '_master': u'grpc://10.240.1.3:8470'}
INFO:tensorflow:_TPUContext: eval_on_tpu True
INFO:tensorflow:Querying Tensorflow master (grpc://10.240.1.3:8470) for TPU system metadata.
2019-05-08 07:00:41.166702: W tensorflow/core/distributed_runtime/rpc/grpc_session.cc:354] GrpcSession::ListDevices will initialize the session with an empty graph and other defaults because the session has not yet been created.
INFO:tensorflow:Initializing TPU system (master: grpc://10.240.1.3:8470) to fetch topology for model parallelism. This might take a while.
INFO:tensorflow:Found TPU system:
INFO:tensorflow:*** Num TPU Cores: 32
INFO:tensorflow:*** Num TPU Workers: 4
INFO:tensorflow:*** Num TPU Cores Per Worker: 8
INFO:tensorflow:*** Available Device: _DeviceAttributes(/job:worker/replica:0/task:0/device:CPU:0, CPU, -1, 14834402886362224472)
INFO:tensorflow:*** Available Device: _DeviceAttributes(/job:worker/replica:0/task:0/device:XLA_CPU:0, XLA_CPU, 17179869184, 8718353486438057894)
INFO:tensorflow:*** Available Device: _DeviceAttributes(/job:worker/replica:0/task:0/device:TPU:0, TPU, 17179869184, 16498331260190455904)
INFO:tensorflow:*** Available Device: _DeviceAttributes(/job:worker/replica:0/task:0/device:TPU:1, TPU, 17179869184, 9129563370402135428)
INFO:tensorflow:*** Available Device: _DeviceAttributes(/job:worker/replica:0/task:0/device:TPU:2, TPU, 17179869184, 1774925370041325577)
INFO:tensorflow:*** Available Device: _DeviceAttributes(/job:worker/replica:0/task:0/device:TPU:3, TPU, 17179869184, 1595184637205121633)
INFO:tensorflow:*** Available Device: _DeviceAttributes(/job:worker/replica:0/task:0/device:TPU:4, TPU, 17179869184, 14173453430656521284)
INFO:tensorflow:*** Available Device: _DeviceAttributes(/job:worker/replica:0/task:0/device:TPU:5, TPU, 17179869184, 10772202326303055858)
INFO:tensorflow:*** Available Device: _DeviceAttributes(/job:worker/replica:0/task:0/device:TPU:6, TPU, 17179869184, 12676293275970228671)
INFO:tensorflow:*** Available Device: _DeviceAttributes(/job:worker/replica:0/task:0/device:TPU:7, TPU, 17179869184, 450822513200913521)
INFO:tensorflow:*** Available Device: _DeviceAttributes(/job:worker/replica:0/task:0/device:TPU_SYSTEM:0, TPU_SYSTEM, 17179869184, 14527105576068110294)
INFO:tensorflow:*** Available Device: _DeviceAttributes(/job:worker/replica:0/task:2/device:CPU:0, CPU, -1, 10008425155087508463)
INFO:tensorflow:*** Available Device: _DeviceAttributes(/job:worker/replica:0/task:2/device:XLA_CPU:0, XLA_CPU, 17179869184, 14751050808632788402)
INFO:tensorflow:*** Available Device: _DeviceAttributes(/job:worker/replica:0/task:2/device:TPU:0, TPU, 17179869184, 174013795725965499)
INFO:tensorflow:*** Available Device: _DeviceAttributes(/job:worker/replica:0/task:2/device:TPU:1, TPU, 17179869184, 9897898365365709311)
INFO:tensorflow:*** Available Device: _DeviceAttributes(/job:worker/replica:0/task:2/device:TPU:2, TPU, 17179869184, 13587725894173655698)
INFO:tensorflow:*** Available Device: _DeviceAttributes(/job:worker/replica:0/task:2/device:TPU:3, TPU, 17179869184, 942547046253574077)
INFO:tensorflow:*** Available Device: _DeviceAttributes(/job:worker/replica:0/task:2/device:TPU:4, TPU, 17179869184, 11730111367464715660)
INFO:tensorflow:*** Available Device: _DeviceAttributes(/job:worker/replica:0/task:2/device:TPU:5, TPU, 17179869184, 10891284950769376200)
INFO:tensorflow:*** Available Device: _DeviceAttributes(/job:worker/replica:0/task:2/device:TPU:6, TPU, 17179869184, 13188605023713799818)
INFO:tensorflow:*** Available Device: _DeviceAttributes(/job:worker/replica:0/task:2/device:TPU:7, TPU, 17179869184, 9392285466178402041)
INFO:tensorflow:*** Available Device: _DeviceAttributes(/job:worker/replica:0/task:2/device:TPU_SYSTEM:0, TPU_SYSTEM, 17179869184, 11166097022450955418)
INFO:tensorflow:*** Available Device: _DeviceAttributes(/job:worker/replica:0/task:1/device:CPU:0, CPU, -1, 14461653467031709117)
INFO:tensorflow:*** Available Device: _DeviceAttributes(/job:worker/replica:0/task:1/device:XLA_CPU:0, XLA_CPU, 17179869184, 6061899353498820486)
INFO:tensorflow:*** Available Device: _DeviceAttributes(/job:worker/replica:0/task:1/device:TPU:0, TPU, 17179869184, 2148423109308752574)
INFO:tensorflow:*** Available Device: _DeviceAttributes(/job:worker/replica:0/task:1/device:TPU:1, TPU, 17179869184, 5897625128976905809)
INFO:tensorflow:*** Available Device: _DeviceAttributes(/job:worker/replica:0/task:1/device:TPU:2, TPU, 17179869184, 4401664216106950142)
INFO:tensorflow:*** Available Device: _DeviceAttributes(/job:worker/replica:0/task:1/device:TPU:3, TPU, 17179869184, 4911325223624928073)
INFO:tensorflow:*** Available Device: _DeviceAttributes(/job:worker/replica:0/task:1/device:TPU:4, TPU, 17179869184, 6076247031559844612)
INFO:tensorflow:*** Available Device: _DeviceAttributes(/job:worker/replica:0/task:1/device:TPU:5, TPU, 17179869184, 17526354826979047987)
INFO:tensorflow:*** Available Device: _DeviceAttributes(/job:worker/replica:0/task:1/device:TPU:6, TPU, 17179869184, 14381831774283089951)
INFO:tensorflow:*** Available Device: _DeviceAttributes(/job:worker/replica:0/task:1/device:TPU:7, TPU, 17179869184, 9148226462097709093)
INFO:tensorflow:*** Available Device: _DeviceAttributes(/job:worker/replica:0/task:1/device:TPU_SYSTEM:0, TPU_SYSTEM, 17179869184, 11699595729977161730)
INFO:tensorflow:*** Available Device: _DeviceAttributes(/job:worker/replica:0/task:3/device:CPU:0, CPU, -1, 3233640414374628867)
INFO:tensorflow:*** Available Device: _DeviceAttributes(/job:worker/replica:0/task:3/device:XLA_CPU:0, XLA_CPU, 17179869184, 3128950440870992619)
INFO:tensorflow:*** Available Device: _DeviceAttributes(/job:worker/replica:0/task:3/device:TPU:0, TPU, 17179869184, 1668294367272437691)
INFO:tensorflow:*** Available Device: _DeviceAttributes(/job:worker/replica:0/task:3/device:TPU:1, TPU, 17179869184, 7464877822919464223)
INFO:tensorflow:*** Available Device: _DeviceAttributes(/job:worker/replica:0/task:3/device:TPU:2, TPU, 17179869184, 4592155411802627376)
INFO:tensorflow:*** Available Device: _DeviceAttributes(/job:worker/replica:0/task:3/device:TPU:3, TPU, 17179869184, 1956940863537121538)
INFO:tensorflow:*** Available Device: _DeviceAttributes(/job:worker/replica:0/task:3/device:TPU:4, TPU, 17179869184, 8700230726046168898)
INFO:tensorflow:*** Available Device: _DeviceAttributes(/job:worker/replica:0/task:3/device:TPU:5, TPU, 17179869184, 6143383992755974519)
INFO:tensorflow:*** Available Device: _DeviceAttributes(/job:worker/replica:0/task:3/device:TPU:6, TPU, 17179869184, 2422476450738743882)
INFO:tensorflow:*** Available Device: _DeviceAttributes(/job:worker/replica:0/task:3/device:TPU:7, TPU, 17179869184, 8524041904088860924)
INFO:tensorflow:*** Available Device: _DeviceAttributes(/job:worker/replica:0/task:3/device:TPU_SYSTEM:0, TPU_SYSTEM, 17179869184, 16875016517600192816)
WARNING:tensorflow:From /home/shengyushen_gmail_com/.local/lib/python2.7/site-packages/tensorflow/python/ops/resource_variable_ops.py:435: colocate_with (from tensorflow.python.framework.ops) is deprecated and will be removed in a future version.
Instructions for updating:
Colocations handled automatically by placer.
INFO:tensorflow:Calling model_fn.
INFO:tensorflow:Reading data files from gs://ssystore1/transformer/data/translate_ende_wmt32k_packed-train*
INFO:tensorflow:partition: 0 num_data_files: 100
WARNING:tensorflow:From /home/shengyushen_gmail_com/.local/lib/python2.7/site-packages/tensor2tensor/utils/data_reader.py:275: tf_record_iterator (from tensorflow.python.lib.io.tf_record) is deprecated and will be removed in a future version.
Instructions for updating:
Use eager execution and: 
`tf.data.TFRecordDataset(path)`
WARNING:tensorflow:From /home/shengyushen_gmail_com/.local/lib/python2.7/site-packages/tensor2tensor/utils/data_reader.py:37: to_int32 (from tensorflow.python.ops.math_ops) is deprecated and will be removed in a future version.
Instructions for updating:
Use tf.cast instead.
INFO:tensorflow:num_cores_per_replica: 1
INFO:tensorflow:computation_shape: [1, 1, 1]
INFO:tensorflow:num_replicas: 32
INFO:tensorflow:device_assignment.topology.device_coordinates: [[[0 2 0]
  [0 2 1]
  [0 3 0]
  [0 3 1]
  [1 2 0]
  [1 2 1]
  [1 3 0]
  [1 3 1]]

 [[3 2 0]
  [3 2 1]
  [3 3 0]
  [3 3 1]
  [2 2 0]
  [2 2 1]
  [2 3 0]
  [2 3 1]]

 [[0 1 0]
  [0 1 1]
  [0 0 0]
  [0 0 1]
  [1 1 0]
  [1 1 1]
  [1 0 0]
  [1 0 1]]

 [[3 1 0]
  [3 1 1]
  [3 0 0]
  [3 0 1]
  [2 1 0]
  [2 1 1]
  [2 0 0]
  [2 0 1]]]
INFO:tensorflow:device_assignment.core_assignment: [[[0 0 0]]

 [[0 0 1]]

 [[0 1 0]]

 [[0 1 1]]

 [[0 2 0]]

 [[0 2 1]]

 [[0 3 0]]

 [[0 3 1]]

 [[1 0 0]]

 [[1 0 1]]

 [[1 1 0]]

 [[1 1 1]]

 [[1 2 0]]

 [[1 2 1]]

 [[1 3 0]]

 [[1 3 1]]

 [[2 0 0]]

 [[2 0 1]]

 [[2 1 0]]

 [[2 1 1]]

 [[2 2 0]]

 [[2 2 1]]

 [[2 3 0]]

 [[2 3 1]]

 [[3 0 0]]

 [[3 0 1]]

 [[3 1 0]]

 [[3 1 1]]

 [[3 2 0]]

 [[3 2 1]]

 [[3 3 0]]

 [[3 3 1]]]
INFO:tensorflow:Setting T2TModel mode to 'train'
INFO:tensorflow:SimdMeshImpl init: Shape[batch=32] LayoutRulesset([('heads', 'model'), ('batch', 'batch'), ('d_ff', 'model'), ('vocab', 'model')])
INFO:tensorflow:targets = Tensor("InfeedQueue/dequeue:4", shape=(128, 256, 1, 1), dtype=int32, device=/device:TPU_REPLICATED_CORE:0)
INFO:tensorflow:states = None
INFO:tensorflow:states = None
WARNING:tensorflow:From /home/shengyushen_gmail_com/.local/lib/python2.7/site-packages/tensor2tensor/utils/learning_rate.py:107: to_float (from tensorflow.python.ops.math_ops) is deprecated and will be removed in a future version.
Instructions for updating:
Use tf.cast instead.
INFO:tensorflow:Create pnum_tensor
INFO:tensorflow:Variable stacked/transformer/encoder/att_0/att/qkvo                   size 75497472     slice_size 75497472     Shape[stacked=18, qkvo=4, heads=8, d_model=1024, d_kv=128]  
INFO:tensorflow:    transformer/encoder/att_0/att/qkvo
INFO:tensorflow:    transformer/encoder/att_2/att/qkvo
INFO:tensorflow:    transformer/encoder/att_4/att/qkvo
INFO:tensorflow:    transformer/encoder/att_6/att/qkvo
INFO:tensorflow:    transformer/encoder/att_8/att/qkvo
INFO:tensorflow:    transformer/encoder/att_10/att/qkvo
INFO:tensorflow:    transformer/decoder/att_0/att/qkvo
INFO:tensorflow:    transformer/decoder/enc_att_1/enc_att/qkvo
INFO:tensorflow:    transformer/decoder/att_3/att/qkvo
INFO:tensorflow:    transformer/decoder/enc_att_4/enc_att/qkvo
INFO:tensorflow:    transformer/decoder/att_6/att/qkvo
INFO:tensorflow:    transformer/decoder/enc_att_7/enc_att/qkvo
INFO:tensorflow:    transformer/decoder/att_9/att/qkvo
INFO:tensorflow:    transformer/decoder/enc_att_10/enc_att/qkvo
INFO:tensorflow:    transformer/decoder/att_12/att/qkvo
INFO:tensorflow:    transformer/decoder/enc_att_13/enc_att/qkvo
INFO:tensorflow:    transformer/decoder/att_15/att/qkvo
INFO:tensorflow:    transformer/decoder/enc_att_16/enc_att/qkvo
INFO:tensorflow:Variable stacked/transformer/encoder/drd_1/dense_relu_dense/wi/kernel size 50331648     slice_size 50331648     Shape[stacked=12, d_model=1024, d_ff=4096]                  
INFO:tensorflow:    transformer/encoder/drd_1/dense_relu_dense/wi/kernel
INFO:tensorflow:    transformer/encoder/drd_3/dense_relu_dense/wi/kernel
INFO:tensorflow:    transformer/encoder/drd_5/dense_relu_dense/wi/kernel
INFO:tensorflow:    transformer/encoder/drd_7/dense_relu_dense/wi/kernel
INFO:tensorflow:    transformer/encoder/drd_9/dense_relu_dense/wi/kernel
INFO:tensorflow:    transformer/encoder/drd_11/dense_relu_dense/wi/kernel
INFO:tensorflow:    transformer/decoder/drd_2/dense_relu_dense/wi/kernel
INFO:tensorflow:    transformer/decoder/drd_5/dense_relu_dense/wi/kernel
INFO:tensorflow:    transformer/decoder/drd_8/dense_relu_dense/wi/kernel
INFO:tensorflow:    transformer/decoder/drd_11/dense_relu_dense/wi/kernel
INFO:tensorflow:    transformer/decoder/drd_14/dense_relu_dense/wi/kernel
INFO:tensorflow:    transformer/decoder/drd_17/dense_relu_dense/wi/kernel
INFO:tensorflow:Variable stacked/transformer/encoder/drd_1/dense_relu_dense/wo/kernel size 50331648     slice_size 50331648     Shape[stacked=12, d_ff=4096, d_model=1024]                  
INFO:tensorflow:    transformer/encoder/drd_1/dense_relu_dense/wo/kernel
INFO:tensorflow:    transformer/encoder/drd_3/dense_relu_dense/wo/kernel
INFO:tensorflow:    transformer/encoder/drd_5/dense_relu_dense/wo/kernel
INFO:tensorflow:    transformer/encoder/drd_7/dense_relu_dense/wo/kernel
INFO:tensorflow:    transformer/encoder/drd_9/dense_relu_dense/wo/kernel
INFO:tensorflow:    transformer/encoder/drd_11/dense_relu_dense/wo/kernel
INFO:tensorflow:    transformer/decoder/drd_2/dense_relu_dense/wo/kernel
INFO:tensorflow:    transformer/decoder/drd_5/dense_relu_dense/wo/kernel
INFO:tensorflow:    transformer/decoder/drd_8/dense_relu_dense/wo/kernel
INFO:tensorflow:    transformer/decoder/drd_11/dense_relu_dense/wo/kernel
INFO:tensorflow:    transformer/decoder/drd_14/dense_relu_dense/wo/kernel
INFO:tensorflow:    transformer/decoder/drd_17/dense_relu_dense/wo/kernel
INFO:tensorflow:Variable stacked/transformer/targets_embedding                        size 68419584     slice_size 68419584     Shape[stacked=2, vocab=33408, d_model=1024]                 
INFO:tensorflow:    transformer/targets_embedding
INFO:tensorflow:    transformer/softmax
INFO:tensorflow:Variable transformer/decoder/layer_norm_scale                         size 19456        slice_size 19456        Shape[layer_norms=19, d_model=1024]                         
INFO:tensorflow:Variable transformer/encoder/layer_norm_scale                         size 13312        slice_size 13312        Shape[layer_norms=13, d_model=1024]                         
INFO:tensorflow:Variable transformer/positional_embedding                             size 262144       slice_size 262144       Shape[max_length=256, d_model=1024]                         
INFO:tensorflow:Trainable Variables            count: 7       Total size: 244875264        Total slice_size: 244875264      
INFO:tensorflow:All Variables                  count: 15      Total size: 245764608        Total slice_size: 245764608      
INFO:tensorflow:Counters:
allconcat: 3.5e+10
 allconcat/0: 3.5e+10
  allconcat/0/reshape_op: 3.5e+10
allreduce: 7.84e+09
 allreduce/[0]: 7.84e+09
  allreduce/[0]/einsum_op: 7.84e+09
  allreduce/[0]/reduce_op: 32
einsum: 2.84e+13
einsum_unique: 2.84e+13
output: 2.31e+11
 output/AddOperation: 1.36e+10
 output/BinaryOpWithBroadcasting: 1.66e+09
 output/BroadcastOperation: 4.47e+09
 output/Constant: 32
 output/EinsumOperation: 8.24e+10
 output/ImportOperation: 6.3e+06
 output/MinMaxOperation: 3.01e+03
 output/OneHotOperation: 3.3e+09
 output/RandomOperation: 1.11e+09
 output/ReduceOperation: 1.99e+08
 output/ReshapeOperation: 3.59e+10
 output/ScalarAddOperation: 7.84e+09
 output/ScalarMultiplyOperation: 1.21e+09
 output/ShiftOperation: 3.28e+04
 output/SlicewiseOperation: 4.82e+10
 output/StackOperation: 1.03e+10
 output/StackedVariable: 7.85e+09
 output/StopGradient: 2.3e+09
 output/UnstackOperation: 1.03e+10
 output/Variable: 1.05e+07
output_unique: 8.34e+10
 output_unique/AddOperation: 1.25e+10
 output_unique/BinaryOpWithBroadcasting: 1.66e+09
 output_unique/BroadcastOperation: 4.47e+09
 output_unique/Constant: 1
 output_unique/EinsumOperation: 4.34e+10
 output_unique/ImportOperation: 1.97e+05
 output_unique/MinMaxOperation: 94
 output_unique/OneHotOperation: 3.3e+09
 output_unique/RandomOperation: 1.11e+09
 output_unique/ReduceOperation: 1.72e+08
 output_unique/ReshapeOperation: 1.97e+09
 output_unique/ScalarAddOperation: 2.46e+08
 output_unique/ScalarMultiplyOperation: 1.13e+09
 output_unique/ShiftOperation: 3.28e+04
 output_unique/SlicewiseOperation: 1.02e+10
 output_unique/StackOperation: 3.21e+08
 output_unique/StackedVariable: 2.45e+08
 output_unique/StopGradient: 2.3e+09
 output_unique/UnstackOperation: 3.21e+08
 output_unique/Variable: 3.28e+05
variables: 2.46e+08
 variables/trainable: 2.45e+08
 variables/untrainable: 8.89e+05
INFO:tensorflow:Create CheckpointSaverHook.
WARNING:tensorflow:1 unsupported operations found: 
  ScalarSummary (learning_rate)
INFO:tensorflow:Done calling model_fn.
INFO:tensorflow:TPU job name worker
INFO:tensorflow:Starting the session.
INFO:tensorflow:Graph was finalized.
INFO:tensorflow:Running local_init_op.
INFO:tensorflow:Done running local_init_op.
INFO:tensorflow:Initialized dataset iterators in 0 seconds
INFO:tensorflow:Installing graceful shutdown hook.
2019-05-08 07:01:20.258456: W tensorflow/core/distributed_runtime/rpc/grpc_session.cc:354] GrpcSession::ListDevices will initialize the session with an empty graph and other defaults because the session has not yet been created.
INFO:tensorflow:Creating heartbeat manager for ['/job:worker/replica:0/task:0/device:CPU:0', '/job:worker/replica:0/task:2/device:CPU:0', '/job:worker/replica:0/task:1/device:CPU:0', '/job:worker/replica:0/task:3/device:CPU:0']
INFO:tensorflow:Configuring worker heartbeat: shutdown_mode: WAIT_FOR_COORDINATOR

INFO:tensorflow:Init TPU system
INFO:tensorflow:Initialized TPU in 8 seconds
INFO:tensorflow:Starting infeed thread controller.
INFO:tensorflow:Starting outfeed thread controller.
INFO:tensorflow:Saving checkpoints for 0 into gs://ssystore1/anothertransformer2019-05-08-07:00:34/out/model.ckpt.
INFO:tensorflow:Before Save.
INFO:tensorflow:About to write a checkpoint
INFO:tensorflow:Done writing checkpoint.
INFO:tensorflow:Enqueue next (100) batch(es) of data to infeed.
INFO:tensorflow:Dequeue next (100) batch(es) of data from outfeed.
INFO:tensorflow:loss = 10.625, step = 100
INFO:tensorflow:Enqueue next (100) batch(es) of data to infeed.
INFO:tensorflow:Dequeue next (100) batch(es) of data from outfeed.
INFO:tensorflow:loss = 10.625, step = 200 (21.103 sec)
INFO:tensorflow:global_step/sec: 4.73859
INFO:tensorflow:examples/sec: 606.54
INFO:tensorflow:Enqueue next (100) batch(es) of data to infeed.
INFO:tensorflow:Dequeue next (100) batch(es) of data from outfeed.
INFO:tensorflow:loss = 10.4375, step = 300 (16.711 sec)
INFO:tensorflow:global_step/sec: 5.98418
INFO:tensorflow:examples/sec: 765.975
INFO:tensorflow:Enqueue next (100) batch(es) of data to infeed.
INFO:tensorflow:Dequeue next (100) batch(es) of data from outfeed.
INFO:tensorflow:loss = 10.5, step = 400 (16.710 sec)
INFO:tensorflow:global_step/sec: 5.9846
INFO:tensorflow:examples/sec: 766.028
INFO:tensorflow:Enqueue next (100) batch(es) of data to infeed.
INFO:tensorflow:Dequeue next (100) batch(es) of data from outfeed.
INFO:tensorflow:loss = 10.25, step = 500 (16.709 sec)
INFO:tensorflow:global_step/sec: 5.98471
INFO:tensorflow:examples/sec: 766.043
INFO:tensorflow:Enqueue next (100) batch(es) of data to infeed.
INFO:tensorflow:Dequeue next (100) batch(es) of data from outfeed.
INFO:tensorflow:loss = 10.125, step = 600 (16.709 sec)
INFO:tensorflow:global_step/sec: 5.98489
INFO:tensorflow:examples/sec: 766.066
INFO:tensorflow:Enqueue next (100) batch(es) of data to infeed.
INFO:tensorflow:Dequeue next (100) batch(es) of data from outfeed.
INFO:tensorflow:loss = 9.875, step = 700 (16.709 sec)
INFO:tensorflow:global_step/sec: 5.98484
INFO:tensorflow:examples/sec: 766.059
INFO:tensorflow:Enqueue next (100) batch(es) of data to infeed.
INFO:tensorflow:Dequeue next (100) batch(es) of data from outfeed.
INFO:tensorflow:loss = 9.875, step = 800 (16.717 sec)
INFO:tensorflow:global_step/sec: 5.98204
INFO:tensorflow:examples/sec: 765.702
INFO:tensorflow:Enqueue next (100) batch(es) of data to infeed.
INFO:tensorflow:Dequeue next (100) batch(es) of data from outfeed.
INFO:tensorflow:loss = 9.875, step = 900 (17.123 sec)
INFO:tensorflow:global_step/sec: 5.84028
INFO:tensorflow:examples/sec: 747.556
INFO:tensorflow:Enqueue next (100) batch(es) of data to infeed.
INFO:tensorflow:Dequeue next (100) batch(es) of data from outfeed.
INFO:tensorflow:loss = 9.75, step = 1000 (16.713 sec)
INFO:tensorflow:global_step/sec: 5.98324
INFO:tensorflow:examples/sec: 765.855
INFO:tensorflow:Stop infeed thread controller
INFO:tensorflow:Shutting down InfeedController thread.
INFO:tensorflow:InfeedController received shutdown signal, stopping.
INFO:tensorflow:Infeed thread finished, shutting down.
INFO:tensorflow:infeed marked as finished
INFO:tensorflow:Stop output thread controller
INFO:tensorflow:Shutting down OutfeedController thread.
INFO:tensorflow:OutfeedController received shutdown signal, stopping.
INFO:tensorflow:Outfeed thread finished, shutting down.
INFO:tensorflow:outfeed marked as finished
INFO:tensorflow:Shutdown TPU system.
INFO:tensorflow:Saving checkpoints for 1000 into gs://ssystore1/anothertransformer2019-05-08-07:00:34/out/model.ckpt.
INFO:tensorflow:Before Save.
INFO:tensorflow:About to write a checkpoint
INFO:tensorflow:Done writing checkpoint.
INFO:tensorflow:Done with the session.
INFO:tensorflow:Loss for final step: 9.75.
INFO:tensorflow:training_loop marked as finished
